2025-10-22 14:20:23 [GET] /api/v1/auth/generate_keys
2025-10-22 14:20:37 [POST] /api/v1/auth/generate_keys
2025-10-22 14:21:12 [POST] /api/v1/auth/generate_keys
2025-10-22 14:21:47 [GET] /api/users/
2025-10-22 14:21:59 [GET] /api/v1/users/
2025-10-22 14:22:30 [GET] /api/v1/users/
2025-10-22 14:22:47 [GET] /api/v1/users/
2025-10-22 14:22:55 [GET] /api/v1/users/
2025-10-22 14:24:12 [POST] /api/v1/users/
2025-10-22 14:24:58 [POST] /api/v1/users/
2025-10-22 14:26:09 [POST] /api/v1/users/
2025-10-22 14:26:26 [POST] /api/v1/users/
2025-10-22 14:26:48 [GET] /api/v1/users/
2025-10-22 14:27:28 [POST] /api/v1/users/
2025-10-22 14:27:37 [POST] /api/v1/users/
2025-10-22 14:27:42 [GET] /api/v1/users/
2025-10-22 14:28:37 [GET] /api/v1/users?search=john
2025-10-22 14:28:42 [GET] /api/v1/users?search=JC
2025-10-22 14:28:50 [GET] /api/v1/users?search=24
2025-10-22 14:29:56 [GET] /api/v1/users?search=32
2025-10-22 14:30:06 [GET] /api/v1/users?search=JC
2025-10-22 14:30:56 [GET] /api/v1/users/search/email?q=gmail.com
2025-10-22 14:31:11 [GET] /api/v1/users/search/name?q=JC
2025-10-22 14:31:17 [GET] /api/v1/users/search/Name?q=JC
2025-10-22 14:31:58 [GET] /api/v1/users/
2025-10-22 14:33:29 [GET] /api/v1/users/
2025-10-22 14:33:40 [PUT] /api/v1/users/1/
2025-10-22 14:34:01 [PUT] /api/v1/users/1/
2025-10-22 14:34:06 [GET] /api/v1/users/
2025-10-22 14:34:40 [POST] /api/v1/users/
2025-10-22 14:34:46 [GET] /api/v1/users/
2025-10-22 14:34:54 [DELETE] /api/v1/users/4/
2025-10-22 14:34:59 [GET] /api/v1/users/
2025-10-22 14:37:24 [POST] /api/v1/users/
2025-10-22 14:37:30 [GET] /api/v1/users/
2025-10-22 14:39:31 [POST] /api/v1/users/
2025-10-22 14:39:55 [GET] /api/v1/users/
